Determining if the Q_WS_WIN exist failed with the following output:
Change Dir: /home/africa/Escritorio/robotica/Robotica/ejemplo1/build/CMakeFiles/CMakeTmp

Run Build Command:"/usr/bin/make" "cmTC_df99d/fast"
/usr/bin/make -f CMakeFiles/cmTC_df99d.dir/build.make CMakeFiles/cmTC_df99d.dir/build
make[1]: Entering directory '/home/africa/Escritorio/robotica/Robotica/ejemplo1/build/CMakeFiles/CMakeTmp'
Building CXX object CMakeFiles/cmTC_df99d.dir/CheckSymbolExists.cxx.o
/usr/bin/c++   -I/usr/include/qt4   -o CMakeFiles/cmTC_df99d.dir/CheckSymbolExists.cxx.o -c /home/africa/Escritorio/robotica/Robotica/ejemplo1/build/CMakeFiles/CMakeTmp/CheckSymbolExists.cxx
/home/africa/Escritorio/robotica/Robotica/ejemplo1/build/CMakeFiles/CMakeTmp/CheckSymbolExists.cxx: In function ‘int main(int, char**)’:
/home/africa/Escritorio/robotica/Robotica/ejemplo1/build/CMakeFiles/CMakeTmp/CheckSymbolExists.cxx:8:19: error: ‘Q_WS_WIN’ was not declared in this scope
   return ((int*)(&Q_WS_WIN))[argc];
                   ^~~~~~~~
/home/africa/Escritorio/robotica/Robotica/ejemplo1/build/CMakeFiles/CMakeTmp/CheckSymbolExists.cxx:8:19: note: suggested alternative: ‘Q_WS_X11’
   return ((int*)(&Q_WS_WIN))[argc];
                   ^~~~~~~~
                   Q_WS_X11
CMakeFiles/cmTC_df99d.dir/build.make:65: recipe for target 'CMakeFiles/cmTC_df99d.dir/CheckSymbolExists.cxx.o' failed
make[1]: *** [CMakeFiles/cmTC_df99d.dir/CheckSymbolExists.cxx.o] Error 1
make[1]: Leaving directory '/home/africa/Escritorio/robotica/Robotica/ejemplo1/build/CMakeFiles/CMakeTmp'
Makefile:126: recipe for target 'cmTC_df99d/fast' failed
make: *** [cmTC_df99d/fast] Error 2

File /home/africa/Escritorio/robotica/Robotica/ejemplo1/build/CMakeFiles/CMakeTmp/CheckSymbolExists.cxx:
/* */
#include <QtCore/qglobal.h>

int main(int argc, char** argv)
{
  (void)argv;
#ifndef Q_WS_WIN
  return ((int*)(&Q_WS_WIN))[argc];
#else
  (void)argc;
  return 0;
#endif
}

Determining if the Q_WS_QWS exist failed with the following output:
Change Dir: /home/africa/Escritorio/robotica/Robotica/ejemplo1/build/CMakeFiles/CMakeTmp

Run Build Command:"/usr/bin/make" "cmTC_1980f/fast"
/usr/bin/make -f CMakeFiles/cmTC_1980f.dir/build.make CMakeFiles/cmTC_1980f.dir/build
make[1]: Entering directory '/home/africa/Escritorio/robotica/Robotica/ejemplo1/build/CMakeFiles/CMakeTmp'
Building CXX object CMakeFiles/cmTC_1980f.dir/CheckSymbolExists.cxx.o
/usr/bin/c++   -I/usr/include/qt4   -o CMakeFiles/cmTC_1980f.dir/CheckSymbolExists.cxx.o -c /home/africa/Escritorio/robotica/Robotica/ejemplo1/build/CMakeFiles/CMakeTmp/CheckSymbolExists.cxx
/home/africa/Escritorio/robotica/Robotica/ejemplo1/build/CMakeFiles/CMakeTmp/CheckSymbolExists.cxx: In function ‘int main(int, char**)’:
/home/africa/Escritorio/robotica/Robotica/ejemplo1/build/CMakeFiles/CMakeTmp/CheckSymbolExists.cxx:8:19: error: ‘Q_WS_QWS’ was not declared in this scope
   return ((int*)(&Q_WS_QWS))[argc];
                   ^~~~~~~~
/home/africa/Escritorio/robotica/Robotica/ejemplo1/build/CMakeFiles/CMakeTmp/CheckSymbolExists.cxx:8:19: note: suggested alternative: ‘Q_WS_X11’
   return ((int*)(&Q_WS_QWS))[argc];
                   ^~~~~~~~
                   Q_WS_X11
CMakeFiles/cmTC_1980f.dir/build.make:65: recipe for target 'CMakeFiles/cmTC_1980f.dir/CheckSymbolExists.cxx.o' failed
make[1]: *** [CMakeFiles/cmTC_1980f.dir/CheckSymbolExists.cxx.o] Error 1
make[1]: Leaving directory '/home/africa/Escritorio/robotica/Robotica/ejemplo1/build/CMakeFiles/CMakeTmp'
Makefile:126: recipe for target 'cmTC_1980f/fast' failed
make: *** [cmTC_1980f/fast] Error 2

File /home/africa/Escritorio/robotica/Robotica/ejemplo1/build/CMakeFiles/CMakeTmp/CheckSymbolExists.cxx:
/* */
#include <QtCore/qglobal.h>

int main(int argc, char** argv)
{
  (void)argv;
#ifndef Q_WS_QWS
  return ((int*)(&Q_WS_QWS))[argc];
#else
  (void)argc;
  return 0;
#endif
}

Determining if the Q_WS_MAC exist failed with the following output:
Change Dir: /home/africa/Escritorio/robotica/Robotica/ejemplo1/build/CMakeFiles/CMakeTmp

Run Build Command:"/usr/bin/make" "cmTC_09e71/fast"
/usr/bin/make -f CMakeFiles/cmTC_09e71.dir/build.make CMakeFiles/cmTC_09e71.dir/build
make[1]: Entering directory '/home/africa/Escritorio/robotica/Robotica/ejemplo1/build/CMakeFiles/CMakeTmp'
Building CXX object CMakeFiles/cmTC_09e71.dir/CheckSymbolExists.cxx.o
/usr/bin/c++   -I/usr/include/qt4   -o CMakeFiles/cmTC_09e71.dir/CheckSymbolExists.cxx.o -c /home/africa/Escritorio/robotica/Robotica/ejemplo1/build/CMakeFiles/CMakeTmp/CheckSymbolExists.cxx
/home/africa/Escritorio/robotica/Robotica/ejemplo1/build/CMakeFiles/CMakeTmp/CheckSymbolExists.cxx: In function ‘int main(int, char**)’:
/home/africa/Escritorio/robotica/Robotica/ejemplo1/build/CMakeFiles/CMakeTmp/CheckSymbolExists.cxx:8:19: error: ‘Q_WS_MAC’ was not declared in this scope
   return ((int*)(&Q_WS_MAC))[argc];
                   ^~~~~~~~
/home/africa/Escritorio/robotica/Robotica/ejemplo1/build/CMakeFiles/CMakeTmp/CheckSymbolExists.cxx:8:19: note: suggested alternative: ‘Q_WS_X11’
   return ((int*)(&Q_WS_MAC))[argc];
                   ^~~~~~~~
                   Q_WS_X11
CMakeFiles/cmTC_09e71.dir/build.make:65: recipe for target 'CMakeFiles/cmTC_09e71.dir/CheckSymbolExists.cxx.o' failed
make[1]: *** [CMakeFiles/cmTC_09e71.dir/CheckSymbolExists.cxx.o] Error 1
make[1]: Leaving directory '/home/africa/Escritorio/robotica/Robotica/ejemplo1/build/CMakeFiles/CMakeTmp'
Makefile:126: recipe for target 'cmTC_09e71/fast' failed
make: *** [cmTC_09e71/fast] Error 2

File /home/africa/Escritorio/robotica/Robotica/ejemplo1/build/CMakeFiles/CMakeTmp/CheckSymbolExists.cxx:
/* */
#include <QtCore/qglobal.h>

int main(int argc, char** argv)
{
  (void)argv;
#ifndef Q_WS_MAC
  return ((int*)(&Q_WS_MAC))[argc];
#else
  (void)argc;
  return 0;
#endif
}

